E:\TFS\DonnSoft\WebServer\SM\ChangePassWord.js
E:\TFS\DonnSoft\WebServer\RPM\Scripts\AlarmInfo.js
E:\TFS\DonnSoft\WebServer\RPM\Scripts\AreaInfo.js
E:\TFS\DonnSoft\WebServer\scripts\typings\eap1.js
E:\TFS\DonnSoft\WebServer\Resource\Scripts\base\eap.ui1.js
E:\TFS\DonnSoft\WebServer\Resource\Scripts\ts\eap.uicore.js
E:\TFS\DonnSoft\WebServer\Resource\Scripts\ts\Controller.js
E:\TFS\DonnSoft\WebServer\RPM\Scripts\Department.js
E:\TFS\DonnSoft\WebServer\RPM\Scripts\Device.js
E:\TFS\DonnSoft\WebServer\RPM\Scripts\DutyInfo.js
E:\TFS\DonnSoft\WebServer\RPM\Scripts\HisAlarm.js
E:\TFS\DonnSoft\WebServer\RPM\Scripts\HisAttenCount.js
E:\TFS\DonnSoft\WebServer\RPM\Scripts\HisAttendance.js
E:\TFS\DonnSoft\WebServer\RPM\Scripts\HisAttenMsg.js
E:\TFS\DonnSoft\WebServer\RPM\Scripts\HisOnLineMsg.js
E:\TFS\DonnSoft\WebServer\RPM\Scripts\HisPatrolInfo.js
E:\TFS\DonnSoft\WebServer\RPM\Scripts\HisPatrolLocInfo.js
E:\TFS\DonnSoft\WebServer\RPM\Scripts\HisPatrolMonthTotal.js
E:\TFS\DonnSoft\WebServer\RPM\Scripts\HisPatrolOneMonth.js
E:\TFS\DonnSoft\WebServer\RPM\Scripts\Person.js
E:\TFS\DonnSoft\WebServer\RPM\Scripts\PersonPatrol.js
E:\TFS\DonnSoft\WebServer\RPM\Scripts\RtAlarm.js
E:\TFS\DonnSoft\WebServer\RPM\Scripts\Station.js
E:\TFS\DonnSoft\WebServer\RPM\Scripts\Tag.js
E:\TFS\DonnSoft\WebServer\RPM\Scripts\Video.js
E:\TFS\DonnSoft\WebServer\Resource\Scripts\base\eap.kendo1.js
E:\TFS\DonnSoft\WebServer\Resource\Scripts\ts\eap.ui.core.js
E:\TFS\DonnSoft\WebServer\Resource\Scripts\ts\Applications.js
E:\TFS\DonnSoft\WebServer\Resource\Scripts\ts\eap.ui.table.js
E:\TFS\DonnSoft\WebServer\FES\scripts\Utilities\Type.js
E:\TFS\DonnSoft\WebServer\FES\scripts\Utilities\DataSource.js
E:\TFS\DonnSoft\WebServer\FES\scripts\Utilities\Extend.js
E:\TFS\DonnSoft\WebServer\FES\scripts\UI\VinciWidget.js
E:\TFS\DonnSoft\WebServer\FES\scripts\UI\Editor\VinciEditorBase.js
E:\TFS\DonnSoft\WebServer\FES\scripts\UI\Editor\VinciDropDownList.js
E:\TFS\DonnSoft\WebServer\FES\scripts\DataStructures\LinkList.js
E:\TFS\DonnSoft\WebServer\FES\scripts\Patterns\Mediator.js
E:\TFS\DonnSoft\WebServer\FES\scripts\Utilities\Guid.js
E:\TFS\DonnSoft\WebServer\FES\scripts\Patterns\Observerable.js
E:\TFS\DonnSoft\WebServer\FES\scripts\Patterns\ObserverableWithMediator.js
E:\TFS\DonnSoft\WebServer\FES\scripts\Patterns\Composit.js
E:\TFS\DonnSoft\WebServer\FES\scripts\Plugins\DraggableComponent.js
E:\TFS\DonnSoft\WebServer\FES\scripts\Utilities\DocHelper.js
E:\TFS\DonnSoft\WebServer\Protal\ConsoleComponents.js
E:\TFS\DonnSoft\WebServer\FES\scripts\Utilities\DataSet.js
E:\TFS\DonnSoft\WebServer\FES\scripts\UI\Layer\VinciLayerBase.js
E:\TFS\DonnSoft\WebServer\FES\scripts\UI\Layer\VinciModalLayer.js
E:\TFS\DonnSoft\WebServer\FES\scripts\UI\Layer\VinciWindow.js
E:\TFS\DonnSoft\WebServer\FES\scripts\Plugins\GridStacker.js
E:\TFS\DonnSoft\WebServer\FES\scripts\Utilities\Ajax.js
E:\TFS\DonnSoft\WebServer\FES\Business\Request.js
E:\TFS\DonnSoft\WebServer\Protal\Darggable_Main.js
E:\TFS\DonnSoft\WebServer\FES\Business\Cultures.js
E:\TFS\DonnSoft\WebServer\Protal\HomePage\Index_Actions.js
E:\TFS\DonnSoft\WebServer\FES\scripts\Plugins\Nav.js
E:\TFS\DonnSoft\WebServer\Protal\HomePage\Index_Mobile_Nav.js
E:\TFS\DonnSoft\WebServer\FES\scripts\Plugins\Nav_Custom.js
E:\TFS\DonnSoft\WebServer\Protal\HomePage\Index_Nav.js
E:\TFS\DonnSoft\WebServer\FES\scripts\Utilities\ArrayEx.js
E:\TFS\DonnSoft\WebServer\FES\scripts\Utilities\DateHelper.js
E:\TFS\DonnSoft\WebServer\FES\scripts\Utilities\Mobile.js
E:\TFS\DonnSoft\WebServer\FES\scripts\UI\Layer\VinciDialog.js
E:\TFS\DonnSoft\WebServer\FES\scripts\UI\Layer\VinciLoading.js
E:\TFS\DonnSoft\WebServer\FES\scripts\UI\Editor\VinciInput.js
E:\TFS\DonnSoft\WebServer\FES\scripts\Plugins\DraggableComponent_V2.js
E:\TFS\DonnSoft\WebServer\FES\scripts\Patterns\Singleton.js
E:\TFS\DonnSoft\WebServer\FES\Business\UserPermission.js
E:\TFS\DonnSoft\WebServer\SM\ChangePassWord.js
E:\TFS\DonnSoft\WebServer\RPM\Scripts\AlarmInfo.js
E:\TFS\DonnSoft\WebServer\RPM\Scripts\AreaInfo.js
E:\TFS\DonnSoft\WebServer\scripts\typings\eap1.js
E:\TFS\DonnSoft\WebServer\Resource\Scripts\base\eap.ui1.js
E:\TFS\DonnSoft\WebServer\Resource\Scripts\ts\eap.uicore.js
E:\TFS\DonnSoft\WebServer\Resource\Scripts\ts\Controller.js
E:\TFS\DonnSoft\WebServer\RPM\Scripts\Department.js
E:\TFS\DonnSoft\WebServer\RPM\Scripts\Device.js
E:\TFS\DonnSoft\WebServer\RPM\Scripts\DutyInfo.js
E:\TFS\DonnSoft\WebServer\RPM\Scripts\HisAlarm.js
E:\TFS\DonnSoft\WebServer\RPM\Scripts\HisAttenCount.js
E:\TFS\DonnSoft\WebServer\RPM\Scripts\HisAttendance.js
E:\TFS\DonnSoft\WebServer\RPM\Scripts\HisAttenMsg.js
E:\TFS\DonnSoft\WebServer\RPM\Scripts\HisOnLineMsg.js
E:\TFS\DonnSoft\WebServer\RPM\Scripts\HisPatrolInfo.js
E:\TFS\DonnSoft\WebServer\RPM\Scripts\HisPatrolLocInfo.js
E:\TFS\DonnSoft\WebServer\RPM\Scripts\HisPatrolMonthTotal.js
E:\TFS\DonnSoft\WebServer\RPM\Scripts\HisPatrolOneMonth.js
E:\TFS\DonnSoft\WebServer\RPM\Scripts\Person.js
E:\TFS\DonnSoft\WebServer\RPM\Scripts\PersonPatrol.js
E:\TFS\DonnSoft\WebServer\RPM\Scripts\RtAlarm.js
E:\TFS\DonnSoft\WebServer\RPM\Scripts\Station.js
E:\TFS\DonnSoft\WebServer\RPM\Scripts\Tag.js
E:\TFS\DonnSoft\WebServer\RPM\Scripts\Video.js
E:\TFS\DonnSoft\WebServer\Resource\Scripts\base\eap.kendo1.js
E:\TFS\DonnSoft\WebServer\Resource\Scripts\ts\eap.ui.core.js
E:\TFS\DonnSoft\WebServer\Resource\Scripts\ts\Applications.js
E:\TFS\DonnSoft\WebServer\Resource\Scripts\ts\eap.ui.table.js
E:\TFS\DonnSoft\WebServer\FES\scripts\Utilities\Type.js
E:\TFS\DonnSoft\WebServer\FES\scripts\Utilities\DataSource.js
E:\TFS\DonnSoft\WebServer\FES\scripts\Utilities\Extend.js
E:\TFS\DonnSoft\WebServer\FES\scripts\UI\VinciWidget.js
E:\TFS\DonnSoft\WebServer\FES\scripts\UI\Editor\VinciEditorBase.js
E:\TFS\DonnSoft\WebServer\FES\scripts\UI\Editor\VinciDropDownList.js
E:\TFS\DonnSoft\WebServer\FES\scripts\DataStructures\LinkList.js
E:\TFS\DonnSoft\WebServer\FES\scripts\Patterns\Mediator.js
E:\TFS\DonnSoft\WebServer\FES\scripts\Utilities\Guid.js
E:\TFS\DonnSoft\WebServer\FES\scripts\Patterns\Observerable.js
E:\TFS\DonnSoft\WebServer\FES\scripts\Patterns\ObserverableWithMediator.js
E:\TFS\DonnSoft\WebServer\FES\scripts\Patterns\Composit.js
E:\TFS\DonnSoft\WebServer\FES\scripts\Plugins\DraggableComponent.js
E:\TFS\DonnSoft\WebServer\FES\scripts\Utilities\DocHelper.js
E:\TFS\DonnSoft\WebServer\Protal\ConsoleComponents.js
E:\TFS\DonnSoft\WebServer\FES\scripts\Utilities\DataSet.js
E:\TFS\DonnSoft\WebServer\FES\scripts\UI\Layer\VinciLayerBase.js
E:\TFS\DonnSoft\WebServer\FES\scripts\UI\Layer\VinciModalLayer.js
E:\TFS\DonnSoft\WebServer\FES\scripts\UI\Layer\VinciWindow.js
E:\TFS\DonnSoft\WebServer\FES\scripts\Plugins\GridStacker.js
E:\TFS\DonnSoft\WebServer\FES\scripts\Utilities\Ajax.js
E:\TFS\DonnSoft\WebServer\FES\Business\Request.js
E:\TFS\DonnSoft\WebServer\Protal\Darggable_Main.js
E:\TFS\DonnSoft\WebServer\FES\Business\Cultures.js
E:\TFS\DonnSoft\WebServer\Protal\HomePage\Index_Actions.js
E:\TFS\DonnSoft\WebServer\FES\scripts\Plugins\Nav.js
E:\TFS\DonnSoft\WebServer\Protal\HomePage\Index_Mobile_Nav.js
E:\TFS\DonnSoft\WebServer\FES\scripts\Plugins\Nav_Custom.js
E:\TFS\DonnSoft\WebServer\Protal\HomePage\Index_Nav.js
E:\TFS\DonnSoft\WebServer\FES\scripts\Utilities\ArrayEx.js
E:\TFS\DonnSoft\WebServer\FES\scripts\Utilities\DateHelper.js
E:\TFS\DonnSoft\WebServer\FES\scripts\Utilities\Mobile.js
E:\TFS\DonnSoft\WebServer\FES\scripts\UI\Layer\VinciDialog.js
E:\TFS\DonnSoft\WebServer\FES\scripts\UI\Layer\VinciLoading.js
E:\TFS\DonnSoft\WebServer\FES\scripts\UI\Editor\VinciInput.js
E:\TFS\DonnSoft\WebServer\FES\scripts\Plugins\DraggableComponent_V2.js
E:\TFS\DonnSoft\WebServer\FES\scripts\Patterns\Singleton.js
E:\TFS\DonnSoft\WebServer\FES\Business\UserPermission.js
E:\TFS\DonnSoft\WebServer\SM\ChangePassWord.js
E:\TFS\DonnSoft\WebServer\RPM\Scripts\AlarmInfo.js
E:\TFS\DonnSoft\WebServer\RPM\Scripts\AreaInfo.js
E:\TFS\DonnSoft\WebServer\scripts\typings\eap1.js
E:\TFS\DonnSoft\WebServer\Resource\Scripts\base\eap.ui1.js
E:\TFS\DonnSoft\WebServer\Resource\Scripts\ts\eap.uicore.js
E:\TFS\DonnSoft\WebServer\Resource\Scripts\ts\Controller.js
E:\TFS\DonnSoft\WebServer\RPM\Scripts\Department.js
E:\TFS\DonnSoft\WebServer\RPM\Scripts\Device.js
E:\TFS\DonnSoft\WebServer\RPM\Scripts\DutyInfo.js
E:\TFS\DonnSoft\WebServer\RPM\Scripts\HisAlarm.js
E:\TFS\DonnSoft\WebServer\RPM\Scripts\HisAttenCount.js
E:\TFS\DonnSoft\WebServer\RPM\Scripts\HisAttendance.js
E:\TFS\DonnSoft\WebServer\RPM\Scripts\HisAttenMsg.js
E:\TFS\DonnSoft\WebServer\RPM\Scripts\HisOnLineMsg.js
E:\TFS\DonnSoft\WebServer\RPM\Scripts\HisPatrolInfo.js
E:\TFS\DonnSoft\WebServer\RPM\Scripts\HisPatrolLocInfo.js
E:\TFS\DonnSoft\WebServer\RPM\Scripts\HisPatrolMonthTotal.js
E:\TFS\DonnSoft\WebServer\RPM\Scripts\HisPatrolOneMonth.js
E:\TFS\DonnSoft\WebServer\RPM\Scripts\Person.js
E:\TFS\DonnSoft\WebServer\RPM\Scripts\PersonPatrol.js
E:\TFS\DonnSoft\WebServer\RPM\Scripts\RtAlarm.js
E:\TFS\DonnSoft\WebServer\RPM\Scripts\Station.js
E:\TFS\DonnSoft\WebServer\RPM\Scripts\Tag.js
E:\TFS\DonnSoft\WebServer\RPM\Scripts\Video.js
E:\TFS\DonnSoft\WebServer\Resource\Scripts\base\eap.kendo1.js
E:\TFS\DonnSoft\WebServer\Resource\Scripts\ts\eap.ui.core.js
E:\TFS\DonnSoft\WebServer\Resource\Scripts\ts\Applications.js
E:\TFS\DonnSoft\WebServer\Resource\Scripts\ts\eap.ui.table.js
E:\TFS\DonnSoft\WebServer\FES\scripts\Utilities\Type.js
E:\TFS\DonnSoft\WebServer\FES\scripts\Utilities\DataSource.js
E:\TFS\DonnSoft\WebServer\FES\scripts\Utilities\Extend.js
E:\TFS\DonnSoft\WebServer\FES\scripts\UI\VinciWidget.js
E:\TFS\DonnSoft\WebServer\FES\scripts\UI\Editor\VinciEditorBase.js
E:\TFS\DonnSoft\WebServer\FES\scripts\UI\Editor\VinciDropDownList.js
E:\TFS\DonnSoft\WebServer\FES\scripts\DataStructures\LinkList.js
E:\TFS\DonnSoft\WebServer\FES\scripts\Patterns\Mediator.js
E:\TFS\DonnSoft\WebServer\FES\scripts\Utilities\Guid.js
E:\TFS\DonnSoft\WebServer\FES\scripts\Patterns\Observerable.js
E:\TFS\DonnSoft\WebServer\FES\scripts\Patterns\ObserverableWithMediator.js
E:\TFS\DonnSoft\WebServer\FES\scripts\Patterns\Composit.js
E:\TFS\DonnSoft\WebServer\FES\scripts\Plugins\DraggableComponent.js
E:\TFS\DonnSoft\WebServer\FES\scripts\Utilities\DocHelper.js
E:\TFS\DonnSoft\WebServer\Protal\ConsoleComponents.js
E:\TFS\DonnSoft\WebServer\FES\scripts\Utilities\DataSet.js
E:\TFS\DonnSoft\WebServer\FES\scripts\UI\Layer\VinciLayerBase.js
E:\TFS\DonnSoft\WebServer\FES\scripts\UI\Layer\VinciModalLayer.js
E:\TFS\DonnSoft\WebServer\FES\scripts\UI\Layer\VinciWindow.js
E:\TFS\DonnSoft\WebServer\FES\scripts\Plugins\GridStacker.js
E:\TFS\DonnSoft\WebServer\FES\scripts\Utilities\Ajax.js
E:\TFS\DonnSoft\WebServer\FES\Business\Request.js
E:\TFS\DonnSoft\WebServer\Protal\Darggable_Main.js
E:\TFS\DonnSoft\WebServer\FES\Business\Cultures.js
E:\TFS\DonnSoft\WebServer\Protal\HomePage\Index_Actions.js
E:\TFS\DonnSoft\WebServer\FES\scripts\Plugins\Nav.js
E:\TFS\DonnSoft\WebServer\Protal\HomePage\Index_Mobile_Nav.js
E:\TFS\DonnSoft\WebServer\FES\scripts\Plugins\Nav_Custom.js
E:\TFS\DonnSoft\WebServer\Protal\HomePage\Index_Nav.js
E:\TFS\DonnSoft\WebServer\FES\scripts\Utilities\ArrayEx.js
E:\TFS\DonnSoft\WebServer\FES\scripts\Utilities\DateHelper.js
E:\TFS\DonnSoft\WebServer\FES\scripts\Utilities\Mobile.js
E:\TFS\DonnSoft\WebServer\FES\scripts\UI\Layer\VinciDialog.js
E:\TFS\DonnSoft\WebServer\FES\scripts\UI\Layer\VinciLoading.js
E:\TFS\DonnSoft\WebServer\FES\scripts\UI\Editor\VinciInput.js
E:\TFS\DonnSoft\WebServer\FES\scripts\Plugins\DraggableComponent_V2.js
E:\TFS\DonnSoft\WebServer\FES\scripts\Patterns\Singleton.js
E:\TFS\DonnSoft\WebServer\FES\Business\UserPermission.js
E:\TFS\DonnSoft\WebServer\SM\ChangePassWord.js
E:\TFS\DonnSoft\WebServer\RPM\Scripts\AlarmInfo.js
E:\TFS\DonnSoft\WebServer\RPM\Scripts\AreaInfo.js
E:\TFS\DonnSoft\WebServer\scripts\typings\eap1.js
E:\TFS\DonnSoft\WebServer\Resource\Scripts\base\eap.ui1.js
E:\TFS\DonnSoft\WebServer\Resource\Scripts\ts\eap.uicore.js
E:\TFS\DonnSoft\WebServer\Resource\Scripts\ts\Controller.js
E:\TFS\DonnSoft\WebServer\RPM\Scripts\Department.js
E:\TFS\DonnSoft\WebServer\RPM\Scripts\Device.js
E:\TFS\DonnSoft\WebServer\RPM\Scripts\DutyInfo.js
E:\TFS\DonnSoft\WebServer\RPM\Scripts\HisAlarm.js
E:\TFS\DonnSoft\WebServer\RPM\Scripts\HisAttenCount.js
E:\TFS\DonnSoft\WebServer\RPM\Scripts\HisAttendance.js
E:\TFS\DonnSoft\WebServer\RPM\Scripts\HisAttenMsg.js
E:\TFS\DonnSoft\WebServer\RPM\Scripts\HisOnLineMsg.js
E:\TFS\DonnSoft\WebServer\RPM\Scripts\HisPatrolInfo.js
E:\TFS\DonnSoft\WebServer\RPM\Scripts\HisPatrolLocInfo.js
E:\TFS\DonnSoft\WebServer\RPM\Scripts\HisPatrolMonthTotal.js
E:\TFS\DonnSoft\WebServer\RPM\Scripts\HisPatrolOneMonth.js
E:\TFS\DonnSoft\WebServer\RPM\Scripts\Person.js
E:\TFS\DonnSoft\WebServer\RPM\Scripts\PersonPatrol.js
E:\TFS\DonnSoft\WebServer\RPM\Scripts\RtAlarm.js
E:\TFS\DonnSoft\WebServer\RPM\Scripts\Station.js
E:\TFS\DonnSoft\WebServer\RPM\Scripts\Tag.js
E:\TFS\DonnSoft\WebServer\RPM\Scripts\Video.js
E:\TFS\DonnSoft\WebServer\Resource\Scripts\base\eap.kendo1.js
E:\TFS\DonnSoft\WebServer\Resource\Scripts\ts\eap.ui.core.js
E:\TFS\DonnSoft\WebServer\Resource\Scripts\ts\Applications.js
E:\TFS\DonnSoft\WebServer\Resource\Scripts\ts\eap.ui.table.js
E:\TFS\DonnSoft\WebServer\FES\scripts\Utilities\Type.js
E:\TFS\DonnSoft\WebServer\FES\scripts\Utilities\DataSource.js
E:\TFS\DonnSoft\WebServer\FES\scripts\Utilities\Extend.js
E:\TFS\DonnSoft\WebServer\FES\scripts\UI\VinciWidget.js
E:\TFS\DonnSoft\WebServer\FES\scripts\UI\Editor\VinciEditorBase.js
E:\TFS\DonnSoft\WebServer\FES\scripts\UI\Editor\VinciDropDownList.js
E:\TFS\DonnSoft\WebServer\FES\scripts\DataStructures\LinkList.js
E:\TFS\DonnSoft\WebServer\FES\scripts\Patterns\Mediator.js
E:\TFS\DonnSoft\WebServer\FES\scripts\Utilities\Guid.js
E:\TFS\DonnSoft\WebServer\FES\scripts\Patterns\Observerable.js
E:\TFS\DonnSoft\WebServer\FES\scripts\Patterns\ObserverableWithMediator.js
E:\TFS\DonnSoft\WebServer\FES\scripts\Patterns\Composit.js
E:\TFS\DonnSoft\WebServer\FES\scripts\Plugins\DraggableComponent.js
E:\TFS\DonnSoft\WebServer\FES\scripts\Utilities\DocHelper.js
E:\TFS\DonnSoft\WebServer\Protal\ConsoleComponents.js
E:\TFS\DonnSoft\WebServer\FES\scripts\Utilities\DataSet.js
E:\TFS\DonnSoft\WebServer\FES\scripts\UI\Layer\VinciLayerBase.js
E:\TFS\DonnSoft\WebServer\FES\scripts\UI\Layer\VinciModalLayer.js
E:\TFS\DonnSoft\WebServer\FES\scripts\UI\Layer\VinciWindow.js
E:\TFS\DonnSoft\WebServer\FES\scripts\Plugins\GridStacker.js
E:\TFS\DonnSoft\WebServer\FES\scripts\Utilities\Ajax.js
E:\TFS\DonnSoft\WebServer\FES\Business\Request.js
E:\TFS\DonnSoft\WebServer\Protal\Darggable_Main.js
E:\TFS\DonnSoft\WebServer\FES\Business\Cultures.js
E:\TFS\DonnSoft\WebServer\Protal\HomePage\Index_Actions.js
E:\TFS\DonnSoft\WebServer\FES\scripts\Plugins\Nav.js
E:\TFS\DonnSoft\WebServer\Protal\HomePage\Index_Mobile_Nav.js
E:\TFS\DonnSoft\WebServer\FES\scripts\Plugins\Nav_Custom.js
E:\TFS\DonnSoft\WebServer\Protal\HomePage\Index_Nav.js
E:\TFS\DonnSoft\WebServer\FES\scripts\Utilities\ArrayEx.js
E:\TFS\DonnSoft\WebServer\FES\scripts\Utilities\DateHelper.js
E:\TFS\DonnSoft\WebServer\FES\scripts\Utilities\Mobile.js
E:\TFS\DonnSoft\WebServer\FES\scripts\UI\Layer\VinciDialog.js
E:\TFS\DonnSoft\WebServer\FES\scripts\UI\Layer\VinciLoading.js
E:\TFS\DonnSoft\WebServer\FES\scripts\UI\Editor\VinciInput.js
E:\TFS\DonnSoft\WebServer\FES\scripts\Plugins\DraggableComponent_V2.js
E:\TFS\DonnSoft\WebServer\FES\scripts\Patterns\Singleton.js
E:\TFS\DonnSoft\WebServer\FES\Business\UserPermission.js
E:\TFS\DonnSoft\WebServer\SM\ChangePassWord.js
E:\TFS\DonnSoft\WebServer\RPM\Scripts\AlarmInfo.js
E:\TFS\DonnSoft\WebServer\RPM\Scripts\AreaInfo.js
E:\TFS\DonnSoft\WebServer\scripts\typings\eap1.js
E:\TFS\DonnSoft\WebServer\Resource\Scripts\base\eap.ui1.js
E:\TFS\DonnSoft\WebServer\Resource\Scripts\ts\eap.uicore.js
E:\TFS\DonnSoft\WebServer\Resource\Scripts\ts\Controller.js
E:\TFS\DonnSoft\WebServer\RPM\Scripts\Department.js
E:\TFS\DonnSoft\WebServer\RPM\Scripts\Device.js
E:\TFS\DonnSoft\WebServer\RPM\Scripts\DutyInfo.js
E:\TFS\DonnSoft\WebServer\RPM\Scripts\HisAlarm.js
E:\TFS\DonnSoft\WebServer\RPM\Scripts\HisAttenCount.js
E:\TFS\DonnSoft\WebServer\RPM\Scripts\HisAttendance.js
E:\TFS\DonnSoft\WebServer\RPM\Scripts\HisAttenMsg.js
E:\TFS\DonnSoft\WebServer\RPM\Scripts\HisOnLineMsg.js
E:\TFS\DonnSoft\WebServer\RPM\Scripts\HisPatrolInfo.js
E:\TFS\DonnSoft\WebServer\RPM\Scripts\HisPatrolLocInfo.js
E:\TFS\DonnSoft\WebServer\RPM\Scripts\HisPatrolMonthTotal.js
E:\TFS\DonnSoft\WebServer\RPM\Scripts\HisPatrolOneMonth.js
E:\TFS\DonnSoft\WebServer\RPM\Scripts\Person.js
E:\TFS\DonnSoft\WebServer\RPM\Scripts\PersonPatrol.js
E:\TFS\DonnSoft\WebServer\RPM\Scripts\RtAlarm.js
E:\TFS\DonnSoft\WebServer\RPM\Scripts\Station.js
E:\TFS\DonnSoft\WebServer\RPM\Scripts\Tag.js
E:\TFS\DonnSoft\WebServer\RPM\Scripts\Video.js
E:\TFS\DonnSoft\WebServer\Resource\Scripts\base\eap.kendo1.js
E:\TFS\DonnSoft\WebServer\Resource\Scripts\ts\eap.ui.core.js
E:\TFS\DonnSoft\WebServer\Resource\Scripts\ts\Applications.js
E:\TFS\DonnSoft\WebServer\Resource\Scripts\ts\eap.ui.table.js
E:\TFS\DonnSoft\WebServer\FES\scripts\Utilities\Type.js
E:\TFS\DonnSoft\WebServer\FES\scripts\Utilities\DataSource.js
E:\TFS\DonnSoft\WebServer\FES\scripts\Utilities\Extend.js
E:\TFS\DonnSoft\WebServer\FES\scripts\UI\VinciWidget.js
E:\TFS\DonnSoft\WebServer\FES\scripts\UI\Editor\VinciEditorBase.js
E:\TFS\DonnSoft\WebServer\FES\scripts\UI\Editor\VinciDropDownList.js
E:\TFS\DonnSoft\WebServer\FES\scripts\DataStructures\LinkList.js
E:\TFS\DonnSoft\WebServer\FES\scripts\Patterns\Mediator.js
E:\TFS\DonnSoft\WebServer\FES\scripts\Utilities\Guid.js
E:\TFS\DonnSoft\WebServer\FES\scripts\Patterns\Observerable.js
E:\TFS\DonnSoft\WebServer\FES\scripts\Patterns\ObserverableWithMediator.js
E:\TFS\DonnSoft\WebServer\FES\scripts\Patterns\Composit.js
E:\TFS\DonnSoft\WebServer\FES\scripts\Plugins\DraggableComponent.js
E:\TFS\DonnSoft\WebServer\FES\scripts\Utilities\DocHelper.js
E:\TFS\DonnSoft\WebServer\Protal\ConsoleComponents.js
E:\TFS\DonnSoft\WebServer\FES\scripts\Utilities\DataSet.js
E:\TFS\DonnSoft\WebServer\FES\scripts\UI\Layer\VinciLayerBase.js
E:\TFS\DonnSoft\WebServer\FES\scripts\UI\Layer\VinciModalLayer.js
E:\TFS\DonnSoft\WebServer\FES\scripts\UI\Layer\VinciWindow.js
E:\TFS\DonnSoft\WebServer\FES\scripts\Plugins\GridStacker.js
E:\TFS\DonnSoft\WebServer\FES\scripts\Utilities\Ajax.js
E:\TFS\DonnSoft\WebServer\FES\Business\Request.js
E:\TFS\DonnSoft\WebServer\Protal\Darggable_Main.js
E:\TFS\DonnSoft\WebServer\FES\Business\Cultures.js
E:\TFS\DonnSoft\WebServer\Protal\HomePage\Index_Actions.js
E:\TFS\DonnSoft\WebServer\FES\scripts\Plugins\Nav.js
E:\TFS\DonnSoft\WebServer\Protal\HomePage\Index_Mobile_Nav.js
E:\TFS\DonnSoft\WebServer\FES\scripts\Plugins\Nav_Custom.js
E:\TFS\DonnSoft\WebServer\Protal\HomePage\Index_Nav.js
E:\TFS\DonnSoft\WebServer\FES\scripts\Utilities\ArrayEx.js
E:\TFS\DonnSoft\WebServer\FES\scripts\Utilities\DateHelper.js
E:\TFS\DonnSoft\WebServer\FES\scripts\Utilities\Mobile.js
E:\TFS\DonnSoft\WebServer\FES\scripts\UI\Layer\VinciDialog.js
E:\TFS\DonnSoft\WebServer\FES\scripts\UI\Layer\VinciLoading.js
E:\TFS\DonnSoft\WebServer\FES\scripts\UI\Editor\VinciInput.js
E:\TFS\DonnSoft\WebServer\FES\scripts\Plugins\DraggableComponent_V2.js
E:\TFS\DonnSoft\WebServer\FES\scripts\Patterns\Singleton.js
E:\TFS\DonnSoft\WebServer\FES\Business\UserPermission.js
E:\TFS\DonnSoft\WebServer\SM\ChangePassWord.js
E:\TFS\DonnSoft\WebServer\RPM\Scripts\AlarmInfo.js
E:\TFS\DonnSoft\WebServer\RPM\Scripts\AreaInfo.js
E:\TFS\DonnSoft\WebServer\scripts\typings\eap1.js
E:\TFS\DonnSoft\WebServer\Resource\Scripts\base\eap.ui1.js
E:\TFS\DonnSoft\WebServer\Resource\Scripts\ts\eap.uicore.js
E:\TFS\DonnSoft\WebServer\Resource\Scripts\ts\Controller.js
E:\TFS\DonnSoft\WebServer\RPM\Scripts\Department.js
E:\TFS\DonnSoft\WebServer\RPM\Scripts\Device.js
E:\TFS\DonnSoft\WebServer\RPM\Scripts\DutyInfo.js
E:\TFS\DonnSoft\WebServer\RPM\Scripts\HisAlarm.js
E:\TFS\DonnSoft\WebServer\RPM\Scripts\HisAttenCount.js
E:\TFS\DonnSoft\WebServer\RPM\Scripts\HisAttendance.js
E:\TFS\DonnSoft\WebServer\RPM\Scripts\HisAttenMsg.js
E:\TFS\DonnSoft\WebServer\RPM\Scripts\HisOnLineMsg.js
E:\TFS\DonnSoft\WebServer\RPM\Scripts\HisPatrolInfo.js
E:\TFS\DonnSoft\WebServer\RPM\Scripts\HisPatrolLocInfo.js
E:\TFS\DonnSoft\WebServer\RPM\Scripts\HisPatrolMonthTotal.js
E:\TFS\DonnSoft\WebServer\RPM\Scripts\HisPatrolOneMonth.js
E:\TFS\DonnSoft\WebServer\RPM\Scripts\Person.js
E:\TFS\DonnSoft\WebServer\RPM\Scripts\PersonPatrol.js
E:\TFS\DonnSoft\WebServer\RPM\Scripts\RtAlarm.js
E:\TFS\DonnSoft\WebServer\RPM\Scripts\Station.js
E:\TFS\DonnSoft\WebServer\RPM\Scripts\Tag.js
E:\TFS\DonnSoft\WebServer\RPM\Scripts\Video.js
E:\TFS\DonnSoft\WebServer\Resource\Scripts\base\eap.kendo1.js
E:\TFS\DonnSoft\WebServer\Resource\Scripts\ts\eap.ui.core.js
E:\TFS\DonnSoft\WebServer\Resource\Scripts\ts\Applications.js
E:\TFS\DonnSoft\WebServer\Resource\Scripts\ts\eap.ui.table.js
E:\TFS\DonnSoft\WebServer\FES\scripts\Utilities\Type.js
E:\TFS\DonnSoft\WebServer\FES\scripts\Utilities\DataSource.js
E:\TFS\DonnSoft\WebServer\FES\scripts\Utilities\Extend.js
E:\TFS\DonnSoft\WebServer\FES\scripts\UI\VinciWidget.js
E:\TFS\DonnSoft\WebServer\FES\scripts\UI\Editor\VinciEditorBase.js
E:\TFS\DonnSoft\WebServer\FES\scripts\UI\Editor\VinciDropDownList.js
E:\TFS\DonnSoft\WebServer\FES\scripts\DataStructures\LinkList.js
E:\TFS\DonnSoft\WebServer\FES\scripts\Patterns\Mediator.js
E:\TFS\DonnSoft\WebServer\FES\scripts\Utilities\Guid.js
E:\TFS\DonnSoft\WebServer\FES\scripts\Patterns\Observerable.js
E:\TFS\DonnSoft\WebServer\FES\scripts\Patterns\ObserverableWithMediator.js
E:\TFS\DonnSoft\WebServer\FES\scripts\Patterns\Composit.js
E:\TFS\DonnSoft\WebServer\FES\scripts\Plugins\DraggableComponent.js
E:\TFS\DonnSoft\WebServer\FES\scripts\Utilities\DocHelper.js
E:\TFS\DonnSoft\WebServer\Protal\ConsoleComponents.js
E:\TFS\DonnSoft\WebServer\FES\scripts\Utilities\DataSet.js
E:\TFS\DonnSoft\WebServer\FES\scripts\UI\Layer\VinciLayerBase.js
E:\TFS\DonnSoft\WebServer\FES\scripts\UI\Layer\VinciModalLayer.js
E:\TFS\DonnSoft\WebServer\FES\scripts\UI\Layer\VinciWindow.js
E:\TFS\DonnSoft\WebServer\FES\scripts\Plugins\GridStacker.js
E:\TFS\DonnSoft\WebServer\FES\scripts\Utilities\Ajax.js
E:\TFS\DonnSoft\WebServer\FES\Business\Request.js
E:\TFS\DonnSoft\WebServer\Protal\Darggable_Main.js
E:\TFS\DonnSoft\WebServer\FES\Business\Cultures.js
E:\TFS\DonnSoft\WebServer\Protal\HomePage\Index_Actions.js
E:\TFS\DonnSoft\WebServer\FES\scripts\Plugins\Nav.js
E:\TFS\DonnSoft\WebServer\Protal\HomePage\Index_Mobile_Nav.js
E:\TFS\DonnSoft\WebServer\FES\scripts\Plugins\Nav_Custom.js
E:\TFS\DonnSoft\WebServer\Protal\HomePage\Index_Nav.js
E:\TFS\DonnSoft\WebServer\FES\scripts\Utilities\ArrayEx.js
E:\TFS\DonnSoft\WebServer\FES\scripts\Utilities\DateHelper.js
E:\TFS\DonnSoft\WebServer\FES\scripts\Utilities\Mobile.js
E:\TFS\DonnSoft\WebServer\FES\scripts\UI\Layer\VinciDialog.js
E:\TFS\DonnSoft\WebServer\FES\scripts\UI\Layer\VinciLoading.js
E:\TFS\DonnSoft\WebServer\FES\scripts\UI\Editor\VinciInput.js
E:\TFS\DonnSoft\WebServer\FES\scripts\Plugins\DraggableComponent_V2.js
E:\TFS\DonnSoft\WebServer\FES\scripts\Patterns\Singleton.js
E:\TFS\DonnSoft\WebServer\FES\Business\UserPermission.js
E:\TFS\DonnSoft\WebServer\SM\ChangePassWord.js
E:\TFS\DonnSoft\WebServer\RPM\Scripts\AlarmInfo.js
E:\TFS\DonnSoft\WebServer\RPM\Scripts\AreaInfo.js
E:\TFS\DonnSoft\WebServer\scripts\typings\eap1.js
E:\TFS\DonnSoft\WebServer\Resource\Scripts\base\eap.ui1.js
E:\TFS\DonnSoft\WebServer\Resource\Scripts\ts\eap.uicore.js
E:\TFS\DonnSoft\WebServer\Resource\Scripts\ts\Controller.js
E:\TFS\DonnSoft\WebServer\RPM\Scripts\Department.js
E:\TFS\DonnSoft\WebServer\RPM\Scripts\Device.js
E:\TFS\DonnSoft\WebServer\RPM\Scripts\DutyInfo.js
E:\TFS\DonnSoft\WebServer\RPM\Scripts\HisAlarm.js
E:\TFS\DonnSoft\WebServer\RPM\Scripts\HisAttenCount.js
E:\TFS\DonnSoft\WebServer\RPM\Scripts\HisAttendance.js
E:\TFS\DonnSoft\WebServer\RPM\Scripts\HisAttenMsg.js
E:\TFS\DonnSoft\WebServer\RPM\Scripts\HisOnLineMsg.js
E:\TFS\DonnSoft\WebServer\RPM\Scripts\HisPatrolInfo.js
E:\TFS\DonnSoft\WebServer\RPM\Scripts\HisPatrolLocInfo.js
E:\TFS\DonnSoft\WebServer\RPM\Scripts\HisPatrolMonthTotal.js
E:\TFS\DonnSoft\WebServer\RPM\Scripts\HisPatrolOneMonth.js
E:\TFS\DonnSoft\WebServer\RPM\Scripts\Person.js
E:\TFS\DonnSoft\WebServer\RPM\Scripts\PersonPatrol.js
E:\TFS\DonnSoft\WebServer\RPM\Scripts\RtAlarm.js
E:\TFS\DonnSoft\WebServer\RPM\Scripts\Station.js
E:\TFS\DonnSoft\WebServer\RPM\Scripts\Tag.js
E:\TFS\DonnSoft\WebServer\RPM\Scripts\Video.js
E:\TFS\DonnSoft\WebServer\Resource\Scripts\base\eap.kendo1.js
E:\TFS\DonnSoft\WebServer\Resource\Scripts\ts\eap.ui.core.js
E:\TFS\DonnSoft\WebServer\Resource\Scripts\ts\Applications.js
E:\TFS\DonnSoft\WebServer\Resource\Scripts\ts\eap.ui.table.js
E:\TFS\DonnSoft\WebServer\FES\scripts\Utilities\Type.js
E:\TFS\DonnSoft\WebServer\FES\scripts\Utilities\DataSource.js
E:\TFS\DonnSoft\WebServer\FES\scripts\Utilities\Extend.js
E:\TFS\DonnSoft\WebServer\FES\scripts\UI\VinciWidget.js
E:\TFS\DonnSoft\WebServer\FES\scripts\UI\Editor\VinciEditorBase.js
E:\TFS\DonnSoft\WebServer\FES\scripts\UI\Editor\VinciDropDownList.js
E:\TFS\DonnSoft\WebServer\FES\scripts\DataStructures\LinkList.js
E:\TFS\DonnSoft\WebServer\FES\scripts\Patterns\Mediator.js
E:\TFS\DonnSoft\WebServer\FES\scripts\Utilities\Guid.js
E:\TFS\DonnSoft\WebServer\FES\scripts\Patterns\Observerable.js
E:\TFS\DonnSoft\WebServer\FES\scripts\Patterns\ObserverableWithMediator.js
E:\TFS\DonnSoft\WebServer\FES\scripts\Patterns\Composit.js
E:\TFS\DonnSoft\WebServer\FES\scripts\Plugins\DraggableComponent.js
E:\TFS\DonnSoft\WebServer\FES\scripts\Utilities\DocHelper.js
E:\TFS\DonnSoft\WebServer\Protal\ConsoleComponents.js
E:\TFS\DonnSoft\WebServer\FES\scripts\Utilities\DataSet.js
E:\TFS\DonnSoft\WebServer\FES\scripts\UI\Layer\VinciLayerBase.js
E:\TFS\DonnSoft\WebServer\FES\scripts\UI\Layer\VinciModalLayer.js
E:\TFS\DonnSoft\WebServer\FES\scripts\UI\Layer\VinciWindow.js
E:\TFS\DonnSoft\WebServer\FES\scripts\Plugins\GridStacker.js
E:\TFS\DonnSoft\WebServer\FES\scripts\Utilities\Ajax.js
E:\TFS\DonnSoft\WebServer\FES\Business\Request.js
E:\TFS\DonnSoft\WebServer\Protal\Darggable_Main.js
E:\TFS\DonnSoft\WebServer\FES\Business\Cultures.js
E:\TFS\DonnSoft\WebServer\Protal\HomePage\Index_Actions.js
E:\TFS\DonnSoft\WebServer\FES\scripts\Plugins\Nav.js
E:\TFS\DonnSoft\WebServer\Protal\HomePage\Index_Mobile_Nav.js
E:\TFS\DonnSoft\WebServer\FES\scripts\Plugins\Nav_Custom.js
E:\TFS\DonnSoft\WebServer\Protal\HomePage\Index_Nav.js
E:\TFS\DonnSoft\WebServer\FES\scripts\Utilities\ArrayEx.js
E:\TFS\DonnSoft\WebServer\FES\scripts\Utilities\DateHelper.js
E:\TFS\DonnSoft\WebServer\FES\scripts\Utilities\Mobile.js
E:\TFS\DonnSoft\WebServer\FES\scripts\UI\Layer\VinciDialog.js
E:\TFS\DonnSoft\WebServer\FES\scripts\UI\Layer\VinciLoading.js
E:\TFS\DonnSoft\WebServer\FES\scripts\UI\Editor\VinciInput.js
E:\TFS\DonnSoft\WebServer\FES\scripts\Plugins\DraggableComponent_V2.js
E:\TFS\DonnSoft\WebServer\FES\scripts\Patterns\Singleton.js
E:\TFS\DonnSoft\WebServer\FES\Business\UserPermission.js
E:\TFS\DonnSoft\WebServer\SM\ChangePassWord.js
E:\TFS\DonnSoft\WebServer\RPM\Scripts\AlarmInfo.js
E:\TFS\DonnSoft\WebServer\RPM\Scripts\AreaInfo.js
E:\TFS\DonnSoft\WebServer\scripts\typings\eap1.js
E:\TFS\DonnSoft\WebServer\Resource\Scripts\base\eap.ui1.js
E:\TFS\DonnSoft\WebServer\Resource\Scripts\ts\eap.uicore.js
E:\TFS\DonnSoft\WebServer\Resource\Scripts\ts\Controller.js
E:\TFS\DonnSoft\WebServer\RPM\Scripts\Department.js
E:\TFS\DonnSoft\WebServer\RPM\Scripts\Device.js
E:\TFS\DonnSoft\WebServer\RPM\Scripts\DutyInfo.js
E:\TFS\DonnSoft\WebServer\RPM\Scripts\HisAlarm.js
E:\TFS\DonnSoft\WebServer\RPM\Scripts\HisAttenCount.js
E:\TFS\DonnSoft\WebServer\RPM\Scripts\HisAttendance.js
E:\TFS\DonnSoft\WebServer\RPM\Scripts\HisAttenMsg.js
E:\TFS\DonnSoft\WebServer\RPM\Scripts\HisOnLineMsg.js
E:\TFS\DonnSoft\WebServer\RPM\Scripts\HisPatrolInfo.js
E:\TFS\DonnSoft\WebServer\RPM\Scripts\HisPatrolLocInfo.js
E:\TFS\DonnSoft\WebServer\RPM\Scripts\HisPatrolMonthTotal.js
E:\TFS\DonnSoft\WebServer\RPM\Scripts\HisPatrolOneMonth.js
E:\TFS\DonnSoft\WebServer\RPM\Scripts\Person.js
E:\TFS\DonnSoft\WebServer\RPM\Scripts\PersonPatrol.js
E:\TFS\DonnSoft\WebServer\RPM\Scripts\RtAlarm.js
E:\TFS\DonnSoft\WebServer\RPM\Scripts\Station.js
E:\TFS\DonnSoft\WebServer\RPM\Scripts\Tag.js
E:\TFS\DonnSoft\WebServer\RPM\Scripts\Video.js
E:\TFS\DonnSoft\WebServer\Resource\Scripts\base\eap.kendo1.js
E:\TFS\DonnSoft\WebServer\Resource\Scripts\ts\eap.ui.core.js
E:\TFS\DonnSoft\WebServer\Resource\Scripts\ts\Applications.js
E:\TFS\DonnSoft\WebServer\Resource\Scripts\ts\eap.ui.table.js
E:\TFS\DonnSoft\WebServer\FES\scripts\Utilities\Type.js
E:\TFS\DonnSoft\WebServer\FES\scripts\Utilities\DataSource.js
E:\TFS\DonnSoft\WebServer\FES\scripts\Utilities\Extend.js
E:\TFS\DonnSoft\WebServer\FES\scripts\UI\VinciWidget.js
E:\TFS\DonnSoft\WebServer\FES\scripts\UI\Editor\VinciEditorBase.js
E:\TFS\DonnSoft\WebServer\FES\scripts\UI\Editor\VinciDropDownList.js
E:\TFS\DonnSoft\WebServer\FES\scripts\DataStructures\LinkList.js
E:\TFS\DonnSoft\WebServer\FES\scripts\Patterns\Mediator.js
E:\TFS\DonnSoft\WebServer\FES\scripts\Utilities\Guid.js
E:\TFS\DonnSoft\WebServer\FES\scripts\Patterns\Observerable.js
E:\TFS\DonnSoft\WebServer\FES\scripts\Patterns\ObserverableWithMediator.js
E:\TFS\DonnSoft\WebServer\FES\scripts\Patterns\Composit.js
E:\TFS\DonnSoft\WebServer\FES\scripts\Plugins\DraggableComponent.js
E:\TFS\DonnSoft\WebServer\FES\scripts\Utilities\DocHelper.js
E:\TFS\DonnSoft\WebServer\Protal\ConsoleComponents.js
E:\TFS\DonnSoft\WebServer\FES\scripts\Utilities\DataSet.js
E:\TFS\DonnSoft\WebServer\FES\scripts\UI\Layer\VinciLayerBase.js
E:\TFS\DonnSoft\WebServer\FES\scripts\UI\Layer\VinciModalLayer.js
E:\TFS\DonnSoft\WebServer\FES\scripts\UI\Layer\VinciWindow.js
E:\TFS\DonnSoft\WebServer\FES\scripts\Plugins\GridStacker.js
E:\TFS\DonnSoft\WebServer\FES\scripts\Utilities\Ajax.js
E:\TFS\DonnSoft\WebServer\FES\Business\Request.js
E:\TFS\DonnSoft\WebServer\Protal\Darggable_Main.js
E:\TFS\DonnSoft\WebServer\FES\Business\Cultures.js
E:\TFS\DonnSoft\WebServer\Protal\HomePage\Index_Actions.js
E:\TFS\DonnSoft\WebServer\FES\scripts\Plugins\Nav.js
E:\TFS\DonnSoft\WebServer\Protal\HomePage\Index_Mobile_Nav.js
E:\TFS\DonnSoft\WebServer\FES\scripts\Plugins\Nav_Custom.js
E:\TFS\DonnSoft\WebServer\Protal\HomePage\Index_Nav.js
E:\TFS\DonnSoft\WebServer\FES\scripts\Utilities\ArrayEx.js
E:\TFS\DonnSoft\WebServer\FES\scripts\Utilities\DateHelper.js
E:\TFS\DonnSoft\WebServer\FES\scripts\Utilities\Mobile.js
E:\TFS\DonnSoft\WebServer\FES\scripts\UI\Layer\VinciDialog.js
E:\TFS\DonnSoft\WebServer\FES\scripts\UI\Layer\VinciLoading.js
E:\TFS\DonnSoft\WebServer\FES\scripts\UI\Editor\VinciInput.js
E:\TFS\DonnSoft\WebServer\FES\scripts\Plugins\DraggableComponent_V2.js
E:\TFS\DonnSoft\WebServer\FES\scripts\Patterns\Singleton.js
E:\TFS\DonnSoft\WebServer\FES\Business\UserPermission.js
E:\TFS\DonnSoft\WebServer\SM\ChangePassWord.js
E:\TFS\DonnSoft\WebServer\RPM\Scripts\AlarmInfo.js
E:\TFS\DonnSoft\WebServer\RPM\Scripts\AreaInfo.js
E:\TFS\DonnSoft\WebServer\scripts\typings\eap1.js
E:\TFS\DonnSoft\WebServer\Resource\Scripts\base\eap.ui1.js
E:\TFS\DonnSoft\WebServer\Resource\Scripts\ts\eap.uicore.js
E:\TFS\DonnSoft\WebServer\Resource\Scripts\ts\Controller.js
E:\TFS\DonnSoft\WebServer\RPM\Scripts\Department.js
E:\TFS\DonnSoft\WebServer\RPM\Scripts\Device.js
E:\TFS\DonnSoft\WebServer\RPM\Scripts\DutyInfo.js
E:\TFS\DonnSoft\WebServer\RPM\Scripts\HisAlarm.js
E:\TFS\DonnSoft\WebServer\RPM\Scripts\HisAttenCount.js
E:\TFS\DonnSoft\WebServer\RPM\Scripts\HisAttendance.js
E:\TFS\DonnSoft\WebServer\RPM\Scripts\HisAttenMsg.js
E:\TFS\DonnSoft\WebServer\RPM\Scripts\HisOnLineMsg.js
E:\TFS\DonnSoft\WebServer\RPM\Scripts\HisPatrolInfo.js
E:\TFS\DonnSoft\WebServer\RPM\Scripts\HisPatrolLocInfo.js
E:\TFS\DonnSoft\WebServer\RPM\Scripts\HisPatrolMonthTotal.js
E:\TFS\DonnSoft\WebServer\RPM\Scripts\HisPatrolOneMonth.js
E:\TFS\DonnSoft\WebServer\RPM\Scripts\Person.js
E:\TFS\DonnSoft\WebServer\RPM\Scripts\PersonPatrol.js
E:\TFS\DonnSoft\WebServer\RPM\Scripts\RtAlarm.js
E:\TFS\DonnSoft\WebServer\RPM\Scripts\Station.js
E:\TFS\DonnSoft\WebServer\RPM\Scripts\Tag.js
E:\TFS\DonnSoft\WebServer\RPM\Scripts\Video.js
E:\TFS\DonnSoft\WebServer\Resource\Scripts\base\eap.kendo1.js
E:\TFS\DonnSoft\WebServer\Resource\Scripts\ts\eap.ui.core.js
E:\TFS\DonnSoft\WebServer\Resource\Scripts\ts\Applications.js
E:\TFS\DonnSoft\WebServer\Resource\Scripts\ts\eap.ui.table.js
E:\TFS\DonnSoft\WebServer\FES\scripts\Utilities\Type.js
E:\TFS\DonnSoft\WebServer\FES\scripts\Utilities\DataSource.js
E:\TFS\DonnSoft\WebServer\FES\scripts\Utilities\Extend.js
E:\TFS\DonnSoft\WebServer\FES\scripts\UI\VinciWidget.js
E:\TFS\DonnSoft\WebServer\FES\scripts\UI\Editor\VinciEditorBase.js
E:\TFS\DonnSoft\WebServer\FES\scripts\UI\Editor\VinciDropDownList.js
E:\TFS\DonnSoft\WebServer\FES\scripts\DataStructures\LinkList.js
E:\TFS\DonnSoft\WebServer\FES\scripts\Patterns\Mediator.js
E:\TFS\DonnSoft\WebServer\FES\scripts\Utilities\Guid.js
E:\TFS\DonnSoft\WebServer\FES\scripts\Patterns\Observerable.js
E:\TFS\DonnSoft\WebServer\FES\scripts\Patterns\ObserverableWithMediator.js
E:\TFS\DonnSoft\WebServer\FES\scripts\Patterns\Composit.js
E:\TFS\DonnSoft\WebServer\FES\scripts\Plugins\DraggableComponent.js
E:\TFS\DonnSoft\WebServer\FES\scripts\Utilities\DocHelper.js
E:\TFS\DonnSoft\WebServer\Protal\ConsoleComponents.js
E:\TFS\DonnSoft\WebServer\FES\scripts\Utilities\DataSet.js
E:\TFS\DonnSoft\WebServer\FES\scripts\UI\Layer\VinciLayerBase.js
E:\TFS\DonnSoft\WebServer\FES\scripts\UI\Layer\VinciModalLayer.js
E:\TFS\DonnSoft\WebServer\FES\scripts\UI\Layer\VinciWindow.js
E:\TFS\DonnSoft\WebServer\FES\scripts\Plugins\GridStacker.js
E:\TFS\DonnSoft\WebServer\FES\scripts\Utilities\Ajax.js
E:\TFS\DonnSoft\WebServer\FES\Business\Request.js
E:\TFS\DonnSoft\WebServer\Protal\Darggable_Main.js
E:\TFS\DonnSoft\WebServer\FES\Business\Cultures.js
E:\TFS\DonnSoft\WebServer\Protal\HomePage\Index_Actions.js
E:\TFS\DonnSoft\WebServer\FES\scripts\Plugins\Nav.js
E:\TFS\DonnSoft\WebServer\Protal\HomePage\Index_Mobile_Nav.js
E:\TFS\DonnSoft\WebServer\FES\scripts\Plugins\Nav_Custom.js
E:\TFS\DonnSoft\WebServer\Protal\HomePage\Index_Nav.js
E:\TFS\DonnSoft\WebServer\FES\scripts\Utilities\ArrayEx.js
E:\TFS\DonnSoft\WebServer\FES\scripts\Utilities\DateHelper.js
E:\TFS\DonnSoft\WebServer\FES\scripts\Utilities\Mobile.js
E:\TFS\DonnSoft\WebServer\FES\scripts\UI\Layer\VinciDialog.js
E:\TFS\DonnSoft\WebServer\FES\scripts\UI\Layer\VinciLoading.js
E:\TFS\DonnSoft\WebServer\FES\scripts\UI\Editor\VinciInput.js
E:\TFS\DonnSoft\WebServer\FES\scripts\Plugins\DraggableComponent_V2.js
E:\TFS\DonnSoft\WebServer\FES\scripts\Patterns\Singleton.js
E:\TFS\DonnSoft\WebServer\FES\Business\UserPermission.js
E:\TFS\DonnSoft\WebServer\SM\ChangePassWord.js
E:\TFS\DonnSoft\WebServer\RPM\Scripts\AlarmInfo.js
E:\TFS\DonnSoft\WebServer\RPM\Scripts\AreaInfo.js
E:\TFS\DonnSoft\WebServer\scripts\typings\eap1.js
E:\TFS\DonnSoft\WebServer\Resource\Scripts\base\eap.ui1.js
E:\TFS\DonnSoft\WebServer\Resource\Scripts\ts\eap.uicore.js
E:\TFS\DonnSoft\WebServer\Resource\Scripts\ts\Controller.js
E:\TFS\DonnSoft\WebServer\RPM\Scripts\Department.js
E:\TFS\DonnSoft\WebServer\RPM\Scripts\Device.js
E:\TFS\DonnSoft\WebServer\RPM\Scripts\DutyInfo.js
E:\TFS\DonnSoft\WebServer\RPM\Scripts\HisAlarm.js
E:\TFS\DonnSoft\WebServer\RPM\Scripts\HisAttenCount.js
E:\TFS\DonnSoft\WebServer\RPM\Scripts\HisAttendance.js
E:\TFS\DonnSoft\WebServer\RPM\Scripts\HisAttenMsg.js
E:\TFS\DonnSoft\WebServer\RPM\Scripts\HisOnLineMsg.js
E:\TFS\DonnSoft\WebServer\RPM\Scripts\HisPatrolInfo.js
E:\TFS\DonnSoft\WebServer\RPM\Scripts\HisPatrolLocInfo.js
E:\TFS\DonnSoft\WebServer\RPM\Scripts\HisPatrolMonthTotal.js
E:\TFS\DonnSoft\WebServer\RPM\Scripts\HisPatrolOneMonth.js
E:\TFS\DonnSoft\WebServer\RPM\Scripts\Person.js
E:\TFS\DonnSoft\WebServer\RPM\Scripts\PersonPatrol.js
E:\TFS\DonnSoft\WebServer\RPM\Scripts\RtAlarm.js
E:\TFS\DonnSoft\WebServer\RPM\Scripts\Station.js
E:\TFS\DonnSoft\WebServer\RPM\Scripts\Tag.js
E:\TFS\DonnSoft\WebServer\RPM\Scripts\Video.js
E:\TFS\DonnSoft\WebServer\Resource\Scripts\base\eap.kendo1.js
E:\TFS\DonnSoft\WebServer\Resource\Scripts\ts\eap.ui.core.js
E:\TFS\DonnSoft\WebServer\Resource\Scripts\ts\Applications.js
E:\TFS\DonnSoft\WebServer\Resource\Scripts\ts\eap.ui.table.js
E:\TFS\DonnSoft\WebServer\FES\scripts\Utilities\Type.js
E:\TFS\DonnSoft\WebServer\FES\scripts\Utilities\DataSource.js
E:\TFS\DonnSoft\WebServer\FES\scripts\Utilities\Extend.js
E:\TFS\DonnSoft\WebServer\FES\scripts\UI\VinciWidget.js
E:\TFS\DonnSoft\WebServer\FES\scripts\UI\Editor\VinciEditorBase.js
E:\TFS\DonnSoft\WebServer\FES\scripts\UI\Editor\VinciDropDownList.js
E:\TFS\DonnSoft\WebServer\FES\scripts\DataStructures\LinkList.js
E:\TFS\DonnSoft\WebServer\FES\scripts\Patterns\Mediator.js
E:\TFS\DonnSoft\WebServer\FES\scripts\Utilities\Guid.js
E:\TFS\DonnSoft\WebServer\FES\scripts\Patterns\Observerable.js
E:\TFS\DonnSoft\WebServer\FES\scripts\Patterns\ObserverableWithMediator.js
E:\TFS\DonnSoft\WebServer\FES\scripts\Patterns\Composit.js
E:\TFS\DonnSoft\WebServer\FES\scripts\Plugins\DraggableComponent.js
E:\TFS\DonnSoft\WebServer\FES\scripts\Utilities\DocHelper.js
E:\TFS\DonnSoft\WebServer\Protal\ConsoleComponents.js
E:\TFS\DonnSoft\WebServer\FES\scripts\Utilities\DataSet.js
E:\TFS\DonnSoft\WebServer\FES\scripts\UI\Layer\VinciLayerBase.js
E:\TFS\DonnSoft\WebServer\FES\scripts\UI\Layer\VinciModalLayer.js
E:\TFS\DonnSoft\WebServer\FES\scripts\UI\Layer\VinciWindow.js
E:\TFS\DonnSoft\WebServer\FES\scripts\Plugins\GridStacker.js
E:\TFS\DonnSoft\WebServer\FES\scripts\Utilities\Ajax.js
E:\TFS\DonnSoft\WebServer\FES\Business\Request.js
E:\TFS\DonnSoft\WebServer\Protal\Darggable_Main.js
E:\TFS\DonnSoft\WebServer\FES\Business\Cultures.js
E:\TFS\DonnSoft\WebServer\Protal\HomePage\Index_Actions.js
E:\TFS\DonnSoft\WebServer\FES\scripts\Plugins\Nav.js
E:\TFS\DonnSoft\WebServer\Protal\HomePage\Index_Mobile_Nav.js
E:\TFS\DonnSoft\WebServer\FES\scripts\Plugins\Nav_Custom.js
E:\TFS\DonnSoft\WebServer\Protal\HomePage\Index_Nav.js
E:\TFS\DonnSoft\WebServer\FES\scripts\Utilities\ArrayEx.js
E:\TFS\DonnSoft\WebServer\FES\scripts\Utilities\DateHelper.js
E:\TFS\DonnSoft\WebServer\FES\scripts\Utilities\Mobile.js
E:\TFS\DonnSoft\WebServer\FES\scripts\UI\Layer\VinciDialog.js
E:\TFS\DonnSoft\WebServer\FES\scripts\UI\Layer\VinciLoading.js
E:\TFS\DonnSoft\WebServer\FES\scripts\UI\Editor\VinciInput.js
E:\TFS\DonnSoft\WebServer\FES\scripts\Plugins\DraggableComponent_V2.js
E:\TFS\DonnSoft\WebServer\FES\scripts\Patterns\Singleton.js
E:\TFS\DonnSoft\WebServer\FES\Business\UserPermission.js
E:\TFS\DonnSoft\WebServer\SM\ChangePassWord.js
E:\TFS\DonnSoft\WebServer\RPM\Scripts\AlarmInfo.js
E:\TFS\DonnSoft\WebServer\RPM\Scripts\AreaInfo.js
E:\TFS\DonnSoft\WebServer\scripts\typings\eap1.js
E:\TFS\DonnSoft\WebServer\Resource\Scripts\base\eap.ui1.js
E:\TFS\DonnSoft\WebServer\Resource\Scripts\ts\eap.uicore.js
E:\TFS\DonnSoft\WebServer\Resource\Scripts\ts\Controller.js
E:\TFS\DonnSoft\WebServer\RPM\Scripts\Department.js
E:\TFS\DonnSoft\WebServer\RPM\Scripts\Device.js
E:\TFS\DonnSoft\WebServer\RPM\Scripts\DutyInfo.js
E:\TFS\DonnSoft\WebServer\RPM\Scripts\HisAlarm.js
E:\TFS\DonnSoft\WebServer\RPM\Scripts\HisAttenCount.js
E:\TFS\DonnSoft\WebServer\RPM\Scripts\HisAttendance.js
E:\TFS\DonnSoft\WebServer\RPM\Scripts\HisAttenMsg.js
E:\TFS\DonnSoft\WebServer\RPM\Scripts\HisOnLineMsg.js
E:\TFS\DonnSoft\WebServer\RPM\Scripts\HisPatrolInfo.js
E:\TFS\DonnSoft\WebServer\RPM\Scripts\HisPatrolLocInfo.js
E:\TFS\DonnSoft\WebServer\RPM\Scripts\HisPatrolMonthTotal.js
E:\TFS\DonnSoft\WebServer\RPM\Scripts\HisPatrolOneMonth.js
E:\TFS\DonnSoft\WebServer\RPM\Scripts\Person.js
E:\TFS\DonnSoft\WebServer\RPM\Scripts\PersonPatrol.js
E:\TFS\DonnSoft\WebServer\RPM\Scripts\RtAlarm.js
E:\TFS\DonnSoft\WebServer\RPM\Scripts\Station.js
E:\TFS\DonnSoft\WebServer\RPM\Scripts\Tag.js
E:\TFS\DonnSoft\WebServer\RPM\Scripts\Video.js
E:\TFS\DonnSoft\WebServer\Resource\Scripts\base\eap.kendo1.js
E:\TFS\DonnSoft\WebServer\Resource\Scripts\ts\eap.ui.core.js
E:\TFS\DonnSoft\WebServer\Resource\Scripts\ts\Applications.js
E:\TFS\DonnSoft\WebServer\Resource\Scripts\ts\eap.ui.table.js
E:\TFS\DonnSoft\WebServer\FES\scripts\Utilities\Type.js
E:\TFS\DonnSoft\WebServer\FES\scripts\Utilities\DataSource.js
E:\TFS\DonnSoft\WebServer\FES\scripts\Utilities\Extend.js
E:\TFS\DonnSoft\WebServer\FES\scripts\UI\VinciWidget.js
E:\TFS\DonnSoft\WebServer\FES\scripts\UI\Editor\VinciEditorBase.js
E:\TFS\DonnSoft\WebServer\FES\scripts\UI\Editor\VinciDropDownList.js
E:\TFS\DonnSoft\WebServer\FES\scripts\DataStructures\LinkList.js
E:\TFS\DonnSoft\WebServer\FES\scripts\Patterns\Mediator.js
E:\TFS\DonnSoft\WebServer\FES\scripts\Utilities\Guid.js
E:\TFS\DonnSoft\WebServer\FES\scripts\Patterns\Observerable.js
E:\TFS\DonnSoft\WebServer\FES\scripts\Patterns\ObserverableWithMediator.js
E:\TFS\DonnSoft\WebServer\FES\scripts\Patterns\Composit.js
E:\TFS\DonnSoft\WebServer\FES\scripts\Plugins\DraggableComponent.js
E:\TFS\DonnSoft\WebServer\FES\scripts\Utilities\DocHelper.js
E:\TFS\DonnSoft\WebServer\Protal\ConsoleComponents.js
E:\TFS\DonnSoft\WebServer\FES\scripts\Utilities\DataSet.js
E:\TFS\DonnSoft\WebServer\FES\scripts\UI\Layer\VinciLayerBase.js
E:\TFS\DonnSoft\WebServer\FES\scripts\UI\Layer\VinciModalLayer.js
E:\TFS\DonnSoft\WebServer\FES\scripts\UI\Layer\VinciWindow.js
E:\TFS\DonnSoft\WebServer\FES\scripts\Plugins\GridStacker.js
E:\TFS\DonnSoft\WebServer\FES\scripts\Utilities\Ajax.js
E:\TFS\DonnSoft\WebServer\FES\Business\Request.js
E:\TFS\DonnSoft\WebServer\Protal\Darggable_Main.js
E:\TFS\DonnSoft\WebServer\FES\Business\Cultures.js
E:\TFS\DonnSoft\WebServer\Protal\HomePage\Index_Actions.js
E:\TFS\DonnSoft\WebServer\FES\scripts\Plugins\Nav.js
E:\TFS\DonnSoft\WebServer\Protal\HomePage\Index_Mobile_Nav.js
E:\TFS\DonnSoft\WebServer\FES\scripts\Plugins\Nav_Custom.js
E:\TFS\DonnSoft\WebServer\Protal\HomePage\Index_Nav.js
E:\TFS\DonnSoft\WebServer\FES\scripts\Utilities\ArrayEx.js
E:\TFS\DonnSoft\WebServer\FES\scripts\Utilities\DateHelper.js
E:\TFS\DonnSoft\WebServer\FES\scripts\Utilities\Mobile.js
E:\TFS\DonnSoft\WebServer\FES\scripts\UI\Layer\VinciDialog.js
E:\TFS\DonnSoft\WebServer\FES\scripts\UI\Layer\VinciLoading.js
E:\TFS\DonnSoft\WebServer\FES\scripts\UI\Editor\VinciInput.js
E:\TFS\DonnSoft\WebServer\FES\scripts\Plugins\DraggableComponent_V2.js
E:\TFS\DonnSoft\WebServer\FES\scripts\Patterns\Singleton.js
E:\TFS\DonnSoft\WebServer\FES\Business\UserPermission.js
E:\TFS\DonnSoft\WebServer\SM\ChangePassWord.js
E:\TFS\DonnSoft\WebServer\RPM\Scripts\AlarmInfo.js
E:\TFS\DonnSoft\WebServer\RPM\Scripts\AreaInfo.js
E:\TFS\DonnSoft\WebServer\scripts\typings\eap1.js
E:\TFS\DonnSoft\WebServer\Resource\Scripts\base\eap.ui1.js
E:\TFS\DonnSoft\WebServer\Resource\Scripts\ts\eap.uicore.js
E:\TFS\DonnSoft\WebServer\Resource\Scripts\ts\Controller.js
E:\TFS\DonnSoft\WebServer\RPM\Scripts\Department.js
E:\TFS\DonnSoft\WebServer\RPM\Scripts\Device.js
E:\TFS\DonnSoft\WebServer\RPM\Scripts\DutyInfo.js
E:\TFS\DonnSoft\WebServer\RPM\Scripts\HisAlarm.js
E:\TFS\DonnSoft\WebServer\RPM\Scripts\HisAttenCount.js
E:\TFS\DonnSoft\WebServer\RPM\Scripts\HisAttendance.js
E:\TFS\DonnSoft\WebServer\RPM\Scripts\HisAttenMsg.js
E:\TFS\DonnSoft\WebServer\RPM\Scripts\HisOnLineMsg.js
E:\TFS\DonnSoft\WebServer\RPM\Scripts\HisPatrolInfo.js
E:\TFS\DonnSoft\WebServer\RPM\Scripts\HisPatrolLocInfo.js
E:\TFS\DonnSoft\WebServer\RPM\Scripts\HisPatrolMonthTotal.js
E:\TFS\DonnSoft\WebServer\RPM\Scripts\HisPatrolOneMonth.js
E:\TFS\DonnSoft\WebServer\RPM\Scripts\Person.js
E:\TFS\DonnSoft\WebServer\RPM\Scripts\PersonPatrol.js
E:\TFS\DonnSoft\WebServer\RPM\Scripts\RtAlarm.js
E:\TFS\DonnSoft\WebServer\RPM\Scripts\Station.js
E:\TFS\DonnSoft\WebServer\RPM\Scripts\Tag.js
E:\TFS\DonnSoft\WebServer\RPM\Scripts\Video.js
E:\TFS\DonnSoft\WebServer\Resource\Scripts\base\eap.kendo1.js
E:\TFS\DonnSoft\WebServer\Resource\Scripts\ts\eap.ui.core.js
E:\TFS\DonnSoft\WebServer\Resource\Scripts\ts\Applications.js
E:\TFS\DonnSoft\WebServer\Resource\Scripts\ts\eap.ui.table.js
E:\TFS\DonnSoft\WebServer\FES\scripts\Utilities\Type.js
E:\TFS\DonnSoft\WebServer\FES\scripts\Utilities\DataSource.js
E:\TFS\DonnSoft\WebServer\FES\scripts\Utilities\Extend.js
E:\TFS\DonnSoft\WebServer\FES\scripts\UI\VinciWidget.js
E:\TFS\DonnSoft\WebServer\FES\scripts\UI\Editor\VinciEditorBase.js
E:\TFS\DonnSoft\WebServer\FES\scripts\UI\Editor\VinciDropDownList.js
E:\TFS\DonnSoft\WebServer\FES\scripts\DataStructures\LinkList.js
E:\TFS\DonnSoft\WebServer\FES\scripts\Patterns\Mediator.js
E:\TFS\DonnSoft\WebServer\FES\scripts\Utilities\Guid.js
E:\TFS\DonnSoft\WebServer\FES\scripts\Patterns\Observerable.js
E:\TFS\DonnSoft\WebServer\FES\scripts\Patterns\ObserverableWithMediator.js
E:\TFS\DonnSoft\WebServer\FES\scripts\Patterns\Composit.js
E:\TFS\DonnSoft\WebServer\FES\scripts\Plugins\DraggableComponent.js
E:\TFS\DonnSoft\WebServer\FES\scripts\Utilities\DocHelper.js
E:\TFS\DonnSoft\WebServer\Protal\ConsoleComponents.js
E:\TFS\DonnSoft\WebServer\FES\scripts\Utilities\DataSet.js
E:\TFS\DonnSoft\WebServer\FES\scripts\UI\Layer\VinciLayerBase.js
E:\TFS\DonnSoft\WebServer\FES\scripts\UI\Layer\VinciModalLayer.js
E:\TFS\DonnSoft\WebServer\FES\scripts\UI\Layer\VinciWindow.js
E:\TFS\DonnSoft\WebServer\FES\scripts\Plugins\GridStacker.js
E:\TFS\DonnSoft\WebServer\FES\scripts\Utilities\Ajax.js
E:\TFS\DonnSoft\WebServer\FES\Business\Request.js
E:\TFS\DonnSoft\WebServer\Protal\Darggable_Main.js
E:\TFS\DonnSoft\WebServer\FES\Business\Cultures.js
E:\TFS\DonnSoft\WebServer\Protal\HomePage\Index_Actions.js
E:\TFS\DonnSoft\WebServer\FES\scripts\Plugins\Nav.js
E:\TFS\DonnSoft\WebServer\Protal\HomePage\Index_Mobile_Nav.js
E:\TFS\DonnSoft\WebServer\FES\scripts\Plugins\Nav_Custom.js
E:\TFS\DonnSoft\WebServer\Protal\HomePage\Index_Nav.js
E:\TFS\DonnSoft\WebServer\FES\scripts\Utilities\ArrayEx.js
E:\TFS\DonnSoft\WebServer\FES\scripts\Utilities\DateHelper.js
E:\TFS\DonnSoft\WebServer\FES\scripts\Utilities\Mobile.js
E:\TFS\DonnSoft\WebServer\FES\scripts\UI\Layer\VinciDialog.js
E:\TFS\DonnSoft\WebServer\FES\scripts\UI\Layer\VinciLoading.js
E:\TFS\DonnSoft\WebServer\FES\scripts\UI\Editor\VinciInput.js
E:\TFS\DonnSoft\WebServer\FES\scripts\Plugins\DraggableComponent_V2.js
E:\TFS\DonnSoft\WebServer\FES\scripts\Patterns\Singleton.js
E:\TFS\DonnSoft\WebServer\FES\Business\UserPermission.js
E:\TFS\DonnSoft\WebServer\SM\ChangePassWord.js
E:\TFS\DonnSoft\WebServer\RPM\Scripts\AlarmInfo.js
E:\TFS\DonnSoft\WebServer\RPM\Scripts\AreaInfo.js
E:\TFS\DonnSoft\WebServer\scripts\typings\eap1.js
E:\TFS\DonnSoft\WebServer\Resource\Scripts\base\eap.ui1.js
E:\TFS\DonnSoft\WebServer\Resource\Scripts\ts\eap.uicore.js
E:\TFS\DonnSoft\WebServer\Resource\Scripts\ts\Controller.js
E:\TFS\DonnSoft\WebServer\RPM\Scripts\Department.js
E:\TFS\DonnSoft\WebServer\RPM\Scripts\Device.js
E:\TFS\DonnSoft\WebServer\RPM\Scripts\DutyInfo.js
E:\TFS\DonnSoft\WebServer\RPM\Scripts\HisAlarm.js
E:\TFS\DonnSoft\WebServer\RPM\Scripts\HisAttenCount.js
E:\TFS\DonnSoft\WebServer\RPM\Scripts\HisAttendance.js
E:\TFS\DonnSoft\WebServer\RPM\Scripts\HisAttenMsg.js
E:\TFS\DonnSoft\WebServer\RPM\Scripts\HisOnLineMsg.js
E:\TFS\DonnSoft\WebServer\RPM\Scripts\HisPatrolInfo.js
E:\TFS\DonnSoft\WebServer\RPM\Scripts\HisPatrolLocInfo.js
E:\TFS\DonnSoft\WebServer\RPM\Scripts\HisPatrolMonthTotal.js
E:\TFS\DonnSoft\WebServer\RPM\Scripts\HisPatrolOneMonth.js
E:\TFS\DonnSoft\WebServer\RPM\Scripts\Person.js
E:\TFS\DonnSoft\WebServer\RPM\Scripts\PersonPatrol.js
E:\TFS\DonnSoft\WebServer\RPM\Scripts\RtAlarm.js
E:\TFS\DonnSoft\WebServer\RPM\Scripts\Station.js
E:\TFS\DonnSoft\WebServer\RPM\Scripts\Tag.js
E:\TFS\DonnSoft\WebServer\RPM\Scripts\Video.js
E:\TFS\DonnSoft\WebServer\Resource\Scripts\base\eap.kendo1.js
E:\TFS\DonnSoft\WebServer\Resource\Scripts\ts\eap.ui.core.js
E:\TFS\DonnSoft\WebServer\Resource\Scripts\ts\Applications.js
E:\TFS\DonnSoft\WebServer\Resource\Scripts\ts\eap.ui.table.js
E:\TFS\DonnSoft\WebServer\FES\scripts\Utilities\Type.js
E:\TFS\DonnSoft\WebServer\FES\scripts\Utilities\DataSource.js
E:\TFS\DonnSoft\WebServer\FES\scripts\Utilities\Extend.js
E:\TFS\DonnSoft\WebServer\FES\scripts\UI\VinciWidget.js
E:\TFS\DonnSoft\WebServer\FES\scripts\UI\Editor\VinciEditorBase.js
E:\TFS\DonnSoft\WebServer\FES\scripts\UI\Editor\VinciDropDownList.js
E:\TFS\DonnSoft\WebServer\FES\scripts\DataStructures\LinkList.js
E:\TFS\DonnSoft\WebServer\FES\scripts\Patterns\Mediator.js
E:\TFS\DonnSoft\WebServer\FES\scripts\Utilities\Guid.js
E:\TFS\DonnSoft\WebServer\FES\scripts\Patterns\Observerable.js
E:\TFS\DonnSoft\WebServer\FES\scripts\Patterns\ObserverableWithMediator.js
E:\TFS\DonnSoft\WebServer\FES\scripts\Patterns\Composit.js
E:\TFS\DonnSoft\WebServer\FES\scripts\Plugins\DraggableComponent.js
E:\TFS\DonnSoft\WebServer\FES\scripts\Utilities\DocHelper.js
E:\TFS\DonnSoft\WebServer\Protal\ConsoleComponents.js
E:\TFS\DonnSoft\WebServer\FES\scripts\Utilities\DataSet.js
E:\TFS\DonnSoft\WebServer\FES\scripts\UI\Layer\VinciLayerBase.js
E:\TFS\DonnSoft\WebServer\FES\scripts\UI\Layer\VinciModalLayer.js
E:\TFS\DonnSoft\WebServer\FES\scripts\UI\Layer\VinciWindow.js
E:\TFS\DonnSoft\WebServer\FES\scripts\Plugins\GridStacker.js
E:\TFS\DonnSoft\WebServer\FES\scripts\Utilities\Ajax.js
E:\TFS\DonnSoft\WebServer\FES\Business\Request.js
E:\TFS\DonnSoft\WebServer\Protal\Darggable_Main.js
E:\TFS\DonnSoft\WebServer\FES\Business\Cultures.js
E:\TFS\DonnSoft\WebServer\Protal\HomePage\Index_Actions.js
E:\TFS\DonnSoft\WebServer\FES\scripts\Plugins\Nav.js
E:\TFS\DonnSoft\WebServer\Protal\HomePage\Index_Mobile_Nav.js
E:\TFS\DonnSoft\WebServer\FES\scripts\Plugins\Nav_Custom.js
E:\TFS\DonnSoft\WebServer\Protal\HomePage\Index_Nav.js
E:\TFS\DonnSoft\WebServer\FES\scripts\Utilities\ArrayEx.js
E:\TFS\DonnSoft\WebServer\FES\scripts\Utilities\DateHelper.js
E:\TFS\DonnSoft\WebServer\FES\scripts\Utilities\Mobile.js
E:\TFS\DonnSoft\WebServer\FES\scripts\UI\Layer\VinciDialog.js
E:\TFS\DonnSoft\WebServer\FES\scripts\UI\Layer\VinciLoading.js
E:\TFS\DonnSoft\WebServer\FES\scripts\UI\Editor\VinciInput.js
E:\TFS\DonnSoft\WebServer\FES\scripts\Plugins\DraggableComponent_V2.js
E:\TFS\DonnSoft\WebServer\FES\scripts\Patterns\Singleton.js
E:\TFS\DonnSoft\WebServer\FES\Business\UserPermission.js
E:\TFS\DonnSoft\WebServer\SM\ChangePassWord.js
E:\TFS\DonnSoft\WebServer\RPM\Scripts\AlarmInfo.js
E:\TFS\DonnSoft\WebServer\RPM\Scripts\AreaInfo.js
E:\TFS\DonnSoft\WebServer\scripts\typings\eap1.js
E:\TFS\DonnSoft\WebServer\Resource\Scripts\base\eap.ui1.js
E:\TFS\DonnSoft\WebServer\Resource\Scripts\ts\eap.uicore.js
E:\TFS\DonnSoft\WebServer\Resource\Scripts\ts\Controller.js
E:\TFS\DonnSoft\WebServer\RPM\Scripts\Department.js
E:\TFS\DonnSoft\WebServer\RPM\Scripts\Device.js
E:\TFS\DonnSoft\WebServer\RPM\Scripts\DutyInfo.js
E:\TFS\DonnSoft\WebServer\RPM\Scripts\HisAlarm.js
E:\TFS\DonnSoft\WebServer\RPM\Scripts\HisAttenCount.js
E:\TFS\DonnSoft\WebServer\RPM\Scripts\HisAttendance.js
E:\TFS\DonnSoft\WebServer\RPM\Scripts\HisAttenMsg.js
E:\TFS\DonnSoft\WebServer\RPM\Scripts\HisOnLineMsg.js
E:\TFS\DonnSoft\WebServer\RPM\Scripts\HisPatrolInfo.js
E:\TFS\DonnSoft\WebServer\RPM\Scripts\HisPatrolLocInfo.js
E:\TFS\DonnSoft\WebServer\RPM\Scripts\HisPatrolMonthTotal.js
E:\TFS\DonnSoft\WebServer\RPM\Scripts\HisPatrolOneMonth.js
E:\TFS\DonnSoft\WebServer\RPM\Scripts\Person.js
E:\TFS\DonnSoft\WebServer\RPM\Scripts\PersonPatrol.js
E:\TFS\DonnSoft\WebServer\RPM\Scripts\RtAlarm.js
E:\TFS\DonnSoft\WebServer\RPM\Scripts\Station.js
E:\TFS\DonnSoft\WebServer\RPM\Scripts\Tag.js
E:\TFS\DonnSoft\WebServer\RPM\Scripts\Video.js
E:\TFS\DonnSoft\WebServer\Resource\Scripts\base\eap.kendo1.js
E:\TFS\DonnSoft\WebServer\Resource\Scripts\ts\eap.ui.core.js
E:\TFS\DonnSoft\WebServer\Resource\Scripts\ts\Applications.js
E:\TFS\DonnSoft\WebServer\Resource\Scripts\ts\eap.ui.table.js
E:\TFS\DonnSoft\WebServer\FES\scripts\Utilities\Type.js
E:\TFS\DonnSoft\WebServer\FES\scripts\Utilities\DataSource.js
E:\TFS\DonnSoft\WebServer\FES\scripts\Utilities\Extend.js
E:\TFS\DonnSoft\WebServer\FES\scripts\UI\VinciWidget.js
E:\TFS\DonnSoft\WebServer\FES\scripts\UI\Editor\VinciEditorBase.js
E:\TFS\DonnSoft\WebServer\FES\scripts\UI\Editor\VinciDropDownList.js
E:\TFS\DonnSoft\WebServer\FES\scripts\DataStructures\LinkList.js
E:\TFS\DonnSoft\WebServer\FES\scripts\Patterns\Mediator.js
E:\TFS\DonnSoft\WebServer\FES\scripts\Utilities\Guid.js
E:\TFS\DonnSoft\WebServer\FES\scripts\Patterns\Observerable.js
E:\TFS\DonnSoft\WebServer\FES\scripts\Patterns\ObserverableWithMediator.js
E:\TFS\DonnSoft\WebServer\FES\scripts\Patterns\Composit.js
E:\TFS\DonnSoft\WebServer\FES\scripts\Plugins\DraggableComponent.js
E:\TFS\DonnSoft\WebServer\FES\scripts\Utilities\DocHelper.js
E:\TFS\DonnSoft\WebServer\Protal\ConsoleComponents.js
E:\TFS\DonnSoft\WebServer\FES\scripts\Utilities\DataSet.js
E:\TFS\DonnSoft\WebServer\FES\scripts\UI\Layer\VinciLayerBase.js
E:\TFS\DonnSoft\WebServer\FES\scripts\UI\Layer\VinciModalLayer.js
E:\TFS\DonnSoft\WebServer\FES\scripts\UI\Layer\VinciWindow.js
E:\TFS\DonnSoft\WebServer\FES\scripts\Plugins\GridStacker.js
E:\TFS\DonnSoft\WebServer\FES\scripts\Utilities\Ajax.js
E:\TFS\DonnSoft\WebServer\FES\Business\Request.js
E:\TFS\DonnSoft\WebServer\Protal\Darggable_Main.js
E:\TFS\DonnSoft\WebServer\FES\Business\Cultures.js
E:\TFS\DonnSoft\WebServer\Protal\HomePage\Index_Actions.js
E:\TFS\DonnSoft\WebServer\FES\scripts\Plugins\Nav.js
E:\TFS\DonnSoft\WebServer\Protal\HomePage\Index_Mobile_Nav.js
E:\TFS\DonnSoft\WebServer\FES\scripts\Plugins\Nav_Custom.js
E:\TFS\DonnSoft\WebServer\Protal\HomePage\Index_Nav.js
E:\TFS\DonnSoft\WebServer\FES\scripts\Utilities\ArrayEx.js
E:\TFS\DonnSoft\WebServer\FES\scripts\Utilities\DateHelper.js
E:\TFS\DonnSoft\WebServer\FES\scripts\Utilities\Mobile.js
E:\TFS\DonnSoft\WebServer\FES\scripts\UI\Layer\VinciDialog.js
E:\TFS\DonnSoft\WebServer\FES\scripts\UI\Layer\VinciLoading.js
E:\TFS\DonnSoft\WebServer\FES\scripts\UI\Editor\VinciInput.js
E:\TFS\DonnSoft\WebServer\FES\scripts\Plugins\DraggableComponent_V2.js
E:\TFS\DonnSoft\WebServer\FES\scripts\Patterns\Singleton.js
E:\TFS\DonnSoft\WebServer\FES\Business\UserPermission.js
E:\TFS\DonnSoft\WebServer\SM\ChangePassWord.js
E:\TFS\DonnSoft\WebServer\RPM\Scripts\AlarmInfo.js
E:\TFS\DonnSoft\WebServer\RPM\Scripts\AreaInfo.js
E:\TFS\DonnSoft\WebServer\scripts\typings\eap1.js
E:\TFS\DonnSoft\WebServer\Resource\Scripts\base\eap.ui1.js
E:\TFS\DonnSoft\WebServer\Resource\Scripts\ts\eap.uicore.js
E:\TFS\DonnSoft\WebServer\Resource\Scripts\ts\Controller.js
E:\TFS\DonnSoft\WebServer\RPM\Scripts\Department.js
E:\TFS\DonnSoft\WebServer\RPM\Scripts\Device.js
E:\TFS\DonnSoft\WebServer\RPM\Scripts\DutyInfo.js
E:\TFS\DonnSoft\WebServer\RPM\Scripts\HisAlarm.js
E:\TFS\DonnSoft\WebServer\RPM\Scripts\HisAttenCount.js
E:\TFS\DonnSoft\WebServer\RPM\Scripts\HisAttendance.js
E:\TFS\DonnSoft\WebServer\RPM\Scripts\HisAttenMsg.js
E:\TFS\DonnSoft\WebServer\RPM\Scripts\HisOnLineMsg.js
E:\TFS\DonnSoft\WebServer\RPM\Scripts\HisPatrolInfo.js
E:\TFS\DonnSoft\WebServer\RPM\Scripts\HisPatrolLocInfo.js
E:\TFS\DonnSoft\WebServer\RPM\Scripts\HisPatrolMonthTotal.js
E:\TFS\DonnSoft\WebServer\RPM\Scripts\HisPatrolOneMonth.js
E:\TFS\DonnSoft\WebServer\RPM\Scripts\Person.js
E:\TFS\DonnSoft\WebServer\RPM\Scripts\PersonPatrol.js
E:\TFS\DonnSoft\WebServer\RPM\Scripts\RtAlarm.js
E:\TFS\DonnSoft\WebServer\RPM\Scripts\Station.js
E:\TFS\DonnSoft\WebServer\RPM\Scripts\Tag.js
E:\TFS\DonnSoft\WebServer\RPM\Scripts\Video.js
E:\TFS\DonnSoft\WebServer\Resource\Scripts\base\eap.kendo1.js
E:\TFS\DonnSoft\WebServer\Resource\Scripts\ts\eap.ui.core.js
E:\TFS\DonnSoft\WebServer\Resource\Scripts\ts\Applications.js
E:\TFS\DonnSoft\WebServer\Resource\Scripts\ts\eap.ui.table.js
E:\TFS\DonnSoft\WebServer\FES\scripts\Utilities\Type.js
E:\TFS\DonnSoft\WebServer\FES\scripts\Utilities\DataSource.js
E:\TFS\DonnSoft\WebServer\FES\scripts\Utilities\Extend.js
E:\TFS\DonnSoft\WebServer\FES\scripts\UI\VinciWidget.js
E:\TFS\DonnSoft\WebServer\FES\scripts\UI\Editor\VinciEditorBase.js
E:\TFS\DonnSoft\WebServer\FES\scripts\UI\Editor\VinciDropDownList.js
E:\TFS\DonnSoft\WebServer\FES\scripts\DataStructures\LinkList.js
E:\TFS\DonnSoft\WebServer\FES\scripts\Patterns\Mediator.js
E:\TFS\DonnSoft\WebServer\FES\scripts\Utilities\Guid.js
E:\TFS\DonnSoft\WebServer\FES\scripts\Patterns\Observerable.js
E:\TFS\DonnSoft\WebServer\FES\scripts\Patterns\ObserverableWithMediator.js
E:\TFS\DonnSoft\WebServer\FES\scripts\Patterns\Composit.js
E:\TFS\DonnSoft\WebServer\FES\scripts\Plugins\DraggableComponent.js
E:\TFS\DonnSoft\WebServer\FES\scripts\Utilities\DocHelper.js
E:\TFS\DonnSoft\WebServer\Protal\ConsoleComponents.js
E:\TFS\DonnSoft\WebServer\FES\scripts\Utilities\DataSet.js
E:\TFS\DonnSoft\WebServer\FES\scripts\UI\Layer\VinciLayerBase.js
E:\TFS\DonnSoft\WebServer\FES\scripts\UI\Layer\VinciModalLayer.js
E:\TFS\DonnSoft\WebServer\FES\scripts\UI\Layer\VinciWindow.js
E:\TFS\DonnSoft\WebServer\FES\scripts\Plugins\GridStacker.js
E:\TFS\DonnSoft\WebServer\FES\scripts\Utilities\Ajax.js
E:\TFS\DonnSoft\WebServer\FES\Business\Request.js
E:\TFS\DonnSoft\WebServer\Protal\Darggable_Main.js
E:\TFS\DonnSoft\WebServer\FES\Business\Cultures.js
E:\TFS\DonnSoft\WebServer\Protal\HomePage\Index_Actions.js
E:\TFS\DonnSoft\WebServer\FES\scripts\Plugins\Nav.js
E:\TFS\DonnSoft\WebServer\Protal\HomePage\Index_Mobile_Nav.js
E:\TFS\DonnSoft\WebServer\FES\scripts\Plugins\Nav_Custom.js
E:\TFS\DonnSoft\WebServer\Protal\HomePage\Index_Nav.js
E:\TFS\DonnSoft\WebServer\FES\scripts\Utilities\ArrayEx.js
E:\TFS\DonnSoft\WebServer\FES\scripts\Utilities\DateHelper.js
E:\TFS\DonnSoft\WebServer\FES\scripts\Utilities\Mobile.js
E:\TFS\DonnSoft\WebServer\FES\scripts\UI\Layer\VinciDialog.js
E:\TFS\DonnSoft\WebServer\FES\scripts\UI\Layer\VinciLoading.js
E:\TFS\DonnSoft\WebServer\FES\scripts\UI\Editor\VinciInput.js
E:\TFS\DonnSoft\WebServer\FES\scripts\Plugins\DraggableComponent_V2.js
E:\TFS\DonnSoft\WebServer\FES\scripts\Patterns\Singleton.js
E:\TFS\DonnSoft\WebServer\FES\Business\UserPermission.js
