[2020-11-25 09:15:43.5400] [Error] [1] [SELECT COUNT(DISTINCT THIS.ID) FROM dbo.[Sys_ServiceConfig]  AS [THIS]    WITH(NOLOCK)     ]  超时时间已到。超时时间已到，但是尚未从池中获取连接。出现这种情况可能是因为所有池连接均在使用，并且达到了最大池大小。
   在 System.Data.ProviderBase.DbConnectionFactory.TryGetConnection(DbConnection owningConnection, TaskCompletionSource`1 retry, DbConnectionOptions userOptions, DbConnectionInternal oldConnection, DbConnectionInternal& connection)
   在 System.Data.ProviderBase.DbConnectionInternal.TryOpenConnectionInternal(DbConnection outerConnection, DbConnectionFactory connectionFactory, TaskCompletionSource`1 retry, DbConnectionOptions userOptions)
   在 System.Data.ProviderBase.DbConnectionClosed.TryOpenConnection(DbConnection outerConnection, DbConnectionFactory connectionFactory, TaskCompletionSource`1 retry, DbConnectionOptions userOptions)
   在 System.Data.SqlClient.SqlConnection.TryOpenInner(TaskCompletionSource`1 retry)
   在 System.Data.SqlClient.SqlConnection.TryOpen(TaskCompletionSource`1 retry)
   在 System.Data.SqlClient.SqlConnection.Open()
   在 Donn.EAP.Data.SqlServerRepositorySession.OpenConnection()
   在 Donn.EAP.Data.SqlServerRepositorySession.Execute[T](QueryCommand queryCommand, Func`2 query) 
[2020-11-25 09:15:43.5800] [Error] [1] []   
[2020-11-25 09:17:40.2860] [Error] [1] [SELECT COUNT(DISTINCT THIS.ID) FROM dbo.[Sys_ServiceConfig]  AS [THIS]    WITH(NOLOCK)     ]  超时时间已到。超时时间已到，但是尚未从池中获取连接。出现这种情况可能是因为所有池连接均在使用，并且达到了最大池大小。
   在 System.Data.ProviderBase.DbConnectionFactory.TryGetConnection(DbConnection owningConnection, TaskCompletionSource`1 retry, DbConnectionOptions userOptions, DbConnectionInternal oldConnection, DbConnectionInternal& connection)
   在 System.Data.ProviderBase.DbConnectionInternal.TryOpenConnectionInternal(DbConnection outerConnection, DbConnectionFactory connectionFactory, TaskCompletionSource`1 retry, DbConnectionOptions userOptions)
   在 System.Data.ProviderBase.DbConnectionClosed.TryOpenConnection(DbConnection outerConnection, DbConnectionFactory connectionFactory, TaskCompletionSource`1 retry, DbConnectionOptions userOptions)
   在 System.Data.SqlClient.SqlConnection.TryOpenInner(TaskCompletionSource`1 retry)
   在 System.Data.SqlClient.SqlConnection.TryOpen(TaskCompletionSource`1 retry)
   在 System.Data.SqlClient.SqlConnection.Open()
   在 Donn.EAP.Data.SqlServerRepositorySession.OpenConnection()
   在 Donn.EAP.Data.SqlServerRepositorySession.Execute[T](QueryCommand queryCommand, Func`2 query) 
[2020-11-25 09:17:40.3210] [Error] [1] []   
